SF:e:\Projects\CultLib\src\GameCult.Caching\ReflectionExtensions.cs
FN:12,System.Type[] ReflectionExtensions::GetAllInterfaceClasses(System.Type)
FNDA:0,System.Type[] ReflectionExtensions::GetAllInterfaceClasses(System.Type)
DA:13,0
DA:14,0
DA:15,0
DA:16,0
DA:17,0
DA:18,0
BRDA:14,32,0,0
BRDA:14,32,1,0
BRDA:17,6,0,0
BRDA:17,6,1,0
FN:22,System.Type[] ReflectionExtensions::GetParentTypes(System.Type)
FNDA:0,System.Type[] ReflectionExtensions::GetParentTypes(System.Type)
DA:23,0
DA:24,0
DA:25,0
DA:26,0
DA:27,0
BRDA:24,14,0,0
BRDA:24,14,1,0
FN:55,System.Type[] ReflectionExtensions::GetAllChildClasses(System.Type)
FNDA:0,System.Type[] ReflectionExtensions::GetAllChildClasses(System.Type)
DA:56,0
DA:57,0
DA:58,0
DA:59,0
DA:60,0
DA:61,0
BRDA:57,14,0,0
BRDA:57,14,1,0
FN:64,System.Type[] ReflectionExtensions::GetAllGenericChildClasses(System.Type)
FNDA:0,System.Type[] ReflectionExtensions::GetAllGenericChildClasses(System.Type)
DA:65,0
DA:66,0
DA:67,0
DA:68,0
DA:69,0
DA:70,0
BRDA:66,32,0,0
BRDA:66,32,1,0
FN:72,System.Boolean ReflectionExtensions::IsAssignableToGenericType(System.Type,System.Type)
FNDA:0,System.Boolean ReflectionExtensions::IsAssignableToGenericType(System.Type,System.Type)
DA:73,0
DA:74,0
DA:76,0
DA:77,0
DA:78,0
DA:79,0
DA:80,0
DA:82,0
DA:83,0
DA:85,0
DA:86,0
DA:88,0
DA:89,0
BRDA:76,66,1,0
BRDA:78,28,0,0
BRDA:78,28,1,0
BRDA:78,50,0,0
BRDA:78,50,1,0
BRDA:76,66,0,0
BRDA:82,74,0,0
BRDA:82,74,1,0
BRDA:82,95,0,0
BRDA:82,95,1,0
BRDA:86,120,0,0
BRDA:86,120,1,0
FN:91,System.String ReflectionExtensions::SplitCamelCase(System.String)
FNDA:0,System.String ReflectionExtensions::SplitCamelCase(System.String)
DA:92,0
DA:93,0
DA:94,0
DA:95,0
DA:96,0
DA:97,0
DA:98,0
DA:99,0
DA:100,0
DA:101,0
DA:102,0
FN:104,System.String ReflectionExtensions::FormatTypeName(System.String)
FNDA:0,System.String ReflectionExtensions::FormatTypeName(System.String)
DA:105,0
DA:106,0
DA:107,0
DA:108,0
DA:109,0
BRDA:106,13,0,0
BRDA:106,13,1,0
FN:111,System.String ReflectionExtensions::GetFullName(System.Type)
FNDA:0,System.String ReflectionExtensions::GetFullName(System.Type)
DA:112,0
DA:113,0
DA:114,0
DA:116,0
DA:117,0
DA:118,0
DA:119,0
BRDA:113,12,0,0
BRDA:113,12,1,0
BRDA:118,12,0,0
BRDA:118,12,1,0
FN:10,System.Void ReflectionExtensions::.cctor()
FNDA:0,System.Void ReflectionExtensions::.cctor()
DA:11,0
DA:20,0
DA:54,0
DA:63,0
FN:29,System.Boolean ReflectionExtensions/<GetParents>d__4::MoveNext()
FNDA:0,System.Boolean ReflectionExtensions/<GetParents>d__4::MoveNext()
DA:30,0
DA:32,0
DA:33,0
DA:34,0
DA:37,0
DA:40,0
DA:41,0
DA:42,0
DA:43,0
DA:46,0
DA:47,0
DA:48,0
DA:49,0
DA:50,0
DA:51,0
DA:52,0
BRDA:32,69,0,0
BRDA:32,69,1,0
BRDA:40,213,1,0
BRDA:40,213,0,0
BRDA:47,302,1,0
BRDA:47,302,0,0
LF:79
LH:0
BRF:34
BRH:0
FNF:10
FNH:0
end_of_record
SF:e:\Projects\CultLib\obj\src\GameCult.Caching\Debug\netstandard2.1\MessagePack.SourceGenerator\MessagePack.SourceGenerator.MessagePackGenerator\MessagePack.GeneratedMessagePackResolver.g.cs
FN:21,MessagePack.Formatters.IMessagePackFormatter`1<T> MessagePack.GeneratedMessagePackResolver::GetFormatter()
FNDA:0,MessagePack.Formatters.IMessagePackFormatter`1<T> MessagePack.GeneratedMessagePackResolver::GetFormatter()
DA:22,0
DA:23,0
DA:24,0
FN:16,System.Void MessagePack.GeneratedMessagePackResolver::.ctor()
FNDA:0,System.Void MessagePack.GeneratedMessagePackResolver::.ctor()
DA:17,0
DA:18,0
DA:19,0
FN:14,System.Void MessagePack.GeneratedMessagePackResolver::.cctor()
FNDA:0,System.Void MessagePack.GeneratedMessagePackResolver::.cctor()
DA:15,0
FN:30,System.Void MessagePack.GeneratedMessagePackResolver/FormatterCache`1::.cctor()
FNDA:0,System.Void MessagePack.GeneratedMessagePackResolver/FormatterCache`1::.cctor()
DA:31,0
DA:32,0
DA:33,0
DA:34,0
DA:35,0
DA:36,0
DA:37,0
BRDA:33,23,0,0
BRDA:33,23,1,0
FN:53,System.Object MessagePack.GeneratedMessagePackResolver/GeneratedMessagePackResolverGetFormatterHelper::GetFormatter(System.Type)
FNDA:0,System.Object MessagePack.GeneratedMessagePackResolver/GeneratedMessagePackResolverGetFormatterHelper::GetFormatter(System.Type)
DA:54,0
DA:55,0
DA:56,0
DA:57,0
DA:59,0
DA:60,0
DA:61,0
DA:62,0
DA:65,0
DA:66,0
DA:67,0
DA:69,0
DA:70,0
DA:74,0
DA:75,0
BRDA:55,16,0,0
BRDA:57,26,1,0
BRDA:57,26,2,0
BRDA:57,26,3,0
BRDA:57,26,0,0
BRDA:55,16,1,0
BRDA:65,83,0,0
BRDA:65,83,1,0
BRDA:65,110,0,0
BRDA:67,122,1,0
BRDA:67,122,0,0
BRDA:65,110,1,0
FN:41,System.Void MessagePack.GeneratedMessagePackResolver/GeneratedMessagePackResolverGetFormatterHelper::.cctor()
FNDA:0,System.Void MessagePack.GeneratedMessagePackResolver/GeneratedMessagePackResolverGetFormatterHelper::.cctor()
DA:42,0
DA:43,0
DA:44,0
DA:45,0
DA:46,0
DA:47,0
DA:48,0
DA:49,0
DA:50,0
DA:51,0
LF:39
LH:0
BRF:14
BRH:0
FNF:6
FNH:0
end_of_record
SF:e:\Projects\CultLib\obj\src\GameCult.Caching\Debug\netstandard2.1\MessagePack.SourceGenerator\MessagePack.SourceGenerator.MessagePackGenerator\Formatters.MessagePack.GeneratedMessagePackResolver.GameCult.Caching.DatabaseLinkFormatter`1.g.cs
FN:18,System.Void MessagePack.GeneratedMessagePackResolver/GameCult/Caching/DatabaseLinkFormatter`1::Serialize(MessagePack.MessagePackWriter&,GameCult.Caching.DatabaseLink`1<T>,MessagePack.MessagePackSerializerOptions)
FNDA:0,System.Void MessagePack.GeneratedMessagePackResolver/GameCult/Caching/DatabaseLinkFormatter`1::Serialize(MessagePack.MessagePackWriter&,GameCult.Caching.DatabaseLink`1<T>,MessagePack.MessagePackSerializerOptions)
DA:19,0
DA:20,0
DA:21,0
DA:22,0
DA:23,0
DA:26,0
DA:27,0
DA:28,0
DA:29,0
BRDA:20,7,0,0
BRDA:20,7,1,0
FN:31,GameCult.Caching.DatabaseLink`1<T> MessagePack.GeneratedMessagePackResolver/GameCult/Caching/DatabaseLinkFormatter`1::Deserialize(MessagePack.MessagePackReader&,MessagePack.MessagePackSerializerOptions)
FNDA:0,GameCult.Caching.DatabaseLink`1<T> MessagePack.GeneratedMessagePackResolver/GameCult/Caching/DatabaseLinkFormatter`1::Deserialize(MessagePack.MessagePackReader&,MessagePack.MessagePackSerializerOptions)
DA:32,0
DA:33,0
DA:34,0
DA:35,0
DA:38,0
DA:39,0
DA:40,0
DA:41,0
DA:43,0
DA:44,0
DA:45,0
DA:48,0
DA:49,0
DA:51,0
DA:52,0
DA:54,0
DA:56,0
DA:57,0
DA:58,0
BRDA:33,9,0,0
BRDA:33,9,1,0
BRDA:43,116,1,0
BRDA:45,66,1,0
BRDA:45,66,0,0
BRDA:43,116,0,0
LF:28
LH:0
BRF:8
BRH:0
FNF:2
FNH:0
end_of_record
SF:e:\Projects\CultLib\obj\src\GameCult.Caching\Debug\netstandard2.1\MessagePack.SourceGenerator\MessagePack.SourceGenerator.MessagePackGenerator\Formatters.MessagePack.GeneratedMessagePackResolver.GameCult.Caching.DatabaseLinkBaseFormatter.g.cs
FN:17,System.Void MessagePack.GeneratedMessagePackResolver/GameCult/Caching/DatabaseLinkBaseFormatter::Serialize(MessagePack.MessagePackWriter&,GameCult.Caching.DatabaseLinkBase,MessagePack.MessagePackSerializerOptions)
FNDA:0,System.Void MessagePack.GeneratedMessagePackResolver/GameCult/Caching/DatabaseLinkBaseFormatter::Serialize(MessagePack.MessagePackWriter&,GameCult.Caching.DatabaseLinkBase,MessagePack.MessagePackSerializerOptions)
DA:18,0
DA:19,0
DA:20,0
DA:21,0
DA:22,0
DA:25,0
DA:26,0
DA:27,0
DA:28,0
BRDA:19,7,0,0
BRDA:19,7,1,0
FN:30,GameCult.Caching.DatabaseLinkBase MessagePack.GeneratedMessagePackResolver/GameCult/Caching/DatabaseLinkBaseFormatter::Deserialize(MessagePack.MessagePackReader&,MessagePack.MessagePackSerializerOptions)
FNDA:0,GameCult.Caching.DatabaseLinkBase MessagePack.GeneratedMessagePackResolver/GameCult/Caching/DatabaseLinkBaseFormatter::Deserialize(MessagePack.MessagePackReader&,MessagePack.MessagePackSerializerOptions)
DA:31,0
DA:32,0
DA:33,0
DA:34,0
DA:37,0
DA:38,0
DA:39,0
DA:40,0
DA:42,0
DA:43,0
DA:44,0
DA:47,0
DA:48,0
DA:50,0
DA:51,0
DA:53,0
DA:55,0
DA:56,0
DA:57,0
BRDA:32,9,0,0
BRDA:32,9,1,0
BRDA:42,116,1,0
BRDA:44,66,1,0
BRDA:44,66,0,0
BRDA:42,116,0,0
LF:28
LH:0
BRF:8
BRH:0
FNF:2
FNH:0
end_of_record
SF:e:\Projects\CultLib\obj\src\GameCult.Caching\Debug\netstandard2.1\MessagePack.SourceGenerator\MessagePack.SourceGenerator.MessagePackGenerator\Formatters.MessagePack.GeneratedMessagePackResolver.GameCult.Caching.PlayerDataFormatter.g.cs
FN:17,System.Void MessagePack.GeneratedMessagePackResolver/GameCult/Caching/PlayerDataFormatter::Serialize(MessagePack.MessagePackWriter&,GameCult.Caching.PlayerData,MessagePack.MessagePackSerializerOptions)
FNDA:0,System.Void MessagePack.GeneratedMessagePackResolver/GameCult/Caching/PlayerDataFormatter::Serialize(MessagePack.MessagePackWriter&,GameCult.Caching.PlayerData,MessagePack.MessagePackSerializerOptions)
DA:18,0
DA:19,0
DA:20,0
DA:21,0
DA:22,0
DA:25,0
DA:26,0
DA:27,0
DA:28,0
DA:29,0
DA:30,0
DA:31,0
DA:32,0
BRDA:19,7,0,0
BRDA:19,7,1,0
FN:34,GameCult.Caching.PlayerData MessagePack.GeneratedMessagePackResolver/GameCult/Caching/PlayerDataFormatter::Deserialize(MessagePack.MessagePackReader&,MessagePack.MessagePackSerializerOptions)
FNDA:0,GameCult.Caching.PlayerData MessagePack.GeneratedMessagePackResolver/GameCult/Caching/PlayerDataFormatter::Deserialize(MessagePack.MessagePackReader&,MessagePack.MessagePackSerializerOptions)
DA:35,0
DA:36,0
DA:37,0
DA:38,0
DA:41,0
DA:42,0
DA:43,0
DA:44,0
DA:46,0
DA:47,0
DA:48,0
DA:51,0
DA:52,0
DA:54,0
DA:55,0
DA:57,0
DA:58,0
DA:60,0
DA:61,0
DA:63,0
DA:64,0
DA:66,0
DA:67,0
DA:69,0
DA:71,0
DA:72,0
DA:73,0
BRDA:36,9,0,0
BRDA:36,9,1,0
BRDA:46,222,1,0
BRDA:48,72,1,0
BRDA:48,72,2,0
BRDA:48,72,3,0
BRDA:48,72,4,0
BRDA:48,72,5,0
BRDA:48,72,0,0
BRDA:46,222,0,0
LF:40
LH:0
BRF:12
BRH:0
FNF:2
FNH:0
end_of_record
SF:e:\Projects\CultLib\obj\src\GameCult.Caching\Debug\netstandard2.1\MessagePack.SourceGenerator\MessagePack.SourceGenerator.MessagePackGenerator\Formatters.MessagePack.GeneratedMessagePackResolver.GameCult.Caching.DatabaseEntryFormatter.g.cs
FN:28,System.Void MessagePack.GeneratedMessagePackResolver/GameCult/Caching/DatabaseEntryFormatter::Serialize(MessagePack.MessagePackWriter&,GameCult.Caching.DatabaseEntry,MessagePack.MessagePackSerializerOptions)
FNDA:0,System.Void MessagePack.GeneratedMessagePackResolver/GameCult/Caching/DatabaseEntryFormatter::Serialize(MessagePack.MessagePackWriter&,GameCult.Caching.DatabaseEntry,MessagePack.MessagePackSerializerOptions)
DA:29,0
DA:31,0
DA:32,0
DA:33,0
DA:34,0
DA:35,0
DA:38,0
DA:39,0
DA:41,0
DA:44,0
DA:47,0
DA:48,0
BRDA:31,2,0,0
BRDA:31,2,1,0
BRDA:31,33,0,0
BRDA:35,69,1,0
BRDA:31,33,1,0
BRDA:35,69,0,0
FN:50,GameCult.Caching.DatabaseEntry MessagePack.GeneratedMessagePackResolver/GameCult/Caching/DatabaseEntryFormatter::Deserialize(MessagePack.MessagePackReader&,MessagePack.MessagePackSerializerOptions)
FNDA:0,GameCult.Caching.DatabaseEntry MessagePack.GeneratedMessagePackResolver/GameCult/Caching/DatabaseEntryFormatter::Deserialize(MessagePack.MessagePackReader&,MessagePack.MessagePackSerializerOptions)
DA:51,0
DA:52,0
DA:53,0
DA:54,0
DA:57,0
DA:58,0
DA:59,0
DA:62,0
DA:63,0
DA:65,0
DA:66,0
DA:67,0
DA:68,0
DA:70,0
DA:71,0
DA:74,0
DA:75,0
DA:77,0
DA:78,0
DA:81,0
DA:82,0
DA:83,0
BRDA:52,9,0,0
BRDA:52,9,1,0
BRDA:57,35,0,0
BRDA:57,35,1,0
BRDA:65,90,0,0
BRDA:65,90,1,0
BRDA:71,107,1,0
BRDA:71,107,0,0
FN:15,System.Void MessagePack.GeneratedMessagePackResolver/GameCult/Caching/DatabaseEntryFormatter::.ctor()
FNDA:0,System.Void MessagePack.GeneratedMessagePackResolver/GameCult/Caching/DatabaseEntryFormatter::.ctor()
DA:16,0
DA:17,0
DA:18,0
DA:19,0
DA:20,0
DA:21,0
DA:22,0
DA:23,0
DA:24,0
DA:25,0
DA:26,0
LF:45
LH:0
BRF:14
BRH:0
FNF:3
FNH:0
end_of_record
SF:e:\Projects\CultLib\src\GameCult.Caching\CultCache.cs
FN:71,GameCult.Logging.ILogger GameCult.Caching.CultCache::get_Logger()
FNDA:0,GameCult.Logging.ILogger GameCult.Caching.CultCache::get_Logger()
DA:72,0
FN:72,System.Void GameCult.Caching.CultCache::set_Logger(GameCult.Logging.ILogger)
FNDA:0,System.Void GameCult.Caching.CultCache::set_Logger(GameCult.Logging.ILogger)
DA:73,0
BRDA:73,3,0,0
BRDA:73,3,1,0
FN:75,System.Collections.Generic.IEnumerable`1<GameCult.Caching.DatabaseEntry> GameCult.Caching.CultCache::get_AllEntries()
FNDA:0,System.Collections.Generic.IEnumerable`1<GameCult.Caching.DatabaseEntry> GameCult.Caching.CultCache::get_AllEntries()
DA:76,0
FN:98,System.Void GameCult.Caching.CultCache::AddBackingStore(GameCult.Caching.CacheBackingStore,System.Type[])
FNDA:0,System.Void GameCult.Caching.CultCache::AddBackingStore(GameCult.Caching.CacheBackingStore,System.Type[])
DA:99,0
DA:100,0
DA:101,0
DA:102,0
DA:103,0
DA:104,0
DA:106,0
DA:107,0
DA:108,0
DA:109,0
DA:110,0
DA:111,0
DA:112,0
DA:113,0
DA:114,0
DA:115,0
DA:116,0
DA:117,0
DA:118,0
DA:119,0
DA:120,0
DA:121,0
DA:122,0
DA:123,0
DA:124,0
DA:125,0
DA:126,0
DA:127,0
DA:128,0
DA:129,0
DA:130,0
DA:131,0
DA:132,0
DA:133,0
DA:134,0
DA:135,0
DA:136,0
DA:137,0
DA:138,0
DA:139,0
DA:140,0
DA:141,0
DA:142,0
DA:143,0
DA:144,0
DA:145,0
DA:146,0
DA:147,0
BRDA:100,28,0,0
BRDA:103,90,1,0
BRDA:103,90,0,0
BRDA:100,28,1,0
BRDA:107,142,1,0
BRDA:107,142,0,0
BRDA:140,33,0,0
BRDA:140,33,1,0
BRDA:144,68,0,0
BRDA:144,68,1,0
FN:246,System.Void GameCult.Caching.CultCache::Add(GameCult.Caching.DatabaseEntry,GameCult.Caching.CacheBackingStore)
FNDA:0,System.Void GameCult.Caching.CultCache::Add(GameCult.Caching.DatabaseEntry,GameCult.Caching.CacheBackingStore)
DA:247,0
DA:249,0
DA:250,0
DA:251,0
DA:252,0
DA:253,0
FN:254,System.Boolean GameCult.Caching.CultCache::IsGlobal(GameCult.Caching.DatabaseEntry)
FNDA:0,System.Boolean GameCult.Caching.CultCache::IsGlobal(GameCult.Caching.DatabaseEntry)
DA:255,0
FN:257,System.Void GameCult.Caching.CultCache::AddAll(System.Collections.Generic.IEnumerable`1<GameCult.Caching.DatabaseEntry>)
FNDA:0,System.Void GameCult.Caching.CultCache::AddAll(System.Collections.Generic.IEnumerable`1<GameCult.Caching.DatabaseEntry>)
DA:258,0
DA:259,0
DA:260,0
DA:261,0
DA:262,0
DA:263,0
BRDA:259,35,1,0
BRDA:259,35,0,0
FN:265,GameCult.Caching.DatabaseEntry GameCult.Caching.CultCache::Get(System.Guid)
FNDA:0,GameCult.Caching.DatabaseEntry GameCult.Caching.CultCache::Get(System.Guid)
DA:266,0
DA:267,0
DA:268,0
DA:269,0
FN:271,T GameCult.Caching.CultCache::Get(System.Guid)
FNDA:0,T GameCult.Caching.CultCache::Get(System.Guid)
DA:272,0
DA:273,0
DA:274,0
FN:276,GameCult.Caching.DatabaseEntry GameCult.Caching.CultCache::GetGlobal(System.Type)
FNDA:0,GameCult.Caching.DatabaseEntry GameCult.Caching.CultCache::GetGlobal(System.Type)
DA:277,0
DA:278,0
DA:279,0
DA:280,0
FN:282,T GameCult.Caching.CultCache::GetGlobal()
FNDA:0,T GameCult.Caching.CultCache::GetGlobal()
DA:283,0
DA:284,0
DA:285,0
FN:287,System.Collections.Generic.IEnumerable`1<GameCult.Caching.DatabaseEntry> GameCult.Caching.CultCache::GetAll(System.Type)
FNDA:0,System.Collections.Generic.IEnumerable`1<GameCult.Caching.DatabaseEntry> GameCult.Caching.CultCache::GetAll(System.Type)
DA:288,0
DA:289,0
DA:290,0
BRDA:289,15,0,0
BRDA:289,15,1,0
FN:292,System.Collections.Generic.IEnumerable`1<T> GameCult.Caching.CultCache::GetAll()
FNDA:0,System.Collections.Generic.IEnumerable`1<T> GameCult.Caching.CultCache::GetAll()
DA:293,0
DA:294,0
DA:295,0
BRDA:294,24,0,0
BRDA:294,24,1,0
FN:297,System.Nullable`1<System.Guid> GameCult.Caching.CultCache::GetIdByName(System.String)
FNDA:0,System.Nullable`1<System.Guid> GameCult.Caching.CultCache::GetIdByName(System.String)
DA:298,0
DA:299,0
DA:300,0
DA:301,0
DA:302,0
DA:303,0
BRDA:300,26,0,0
BRDA:300,26,1,0
BRDA:300,42,0,0
BRDA:300,42,1,0
FN:305,T GameCult.Caching.CultCache::GetByName(System.String)
FNDA:0,T GameCult.Caching.CultCache::GetByName(System.String)
DA:306,0
DA:307,0
DA:308,0
BRDA:307,16,0,0
BRDA:307,16,1,0
FN:314,System.Void GameCult.Caching.CultCache::RegisterIndex(System.String)
FNDA:0,System.Void GameCult.Caching.CultCache::RegisterIndex(System.String)
DA:315,0
DA:316,0
DA:317,0
DA:318,0
DA:319,0
DA:321,0
DA:324,0
DA:325,0
DA:326,0
DA:327,0
DA:328,0
DA:329,0
DA:330,0
DA:331,0
DA:333,0
DA:334,0
DA:336,0
BRDA:318,53,1,0
BRDA:325,112,0,0
BRDA:325,112,1,0
BRDA:318,53,0,0
BRDA:327,13,0,0
BRDA:327,13,1,0
BRDA:327,25,0,0
BRDA:327,25,1,0
FN:339,System.Nullable`1<System.Guid> GameCult.Caching.CultCache::GetIdByIndex(System.String,System.String)
FNDA:0,System.Nullable`1<System.Guid> GameCult.Caching.CultCache::GetIdByIndex(System.String,System.String)
DA:340,0
DA:341,0
DA:342,0
DA:343,0
DA:344,0
DA:345,0
BRDA:342,33,0,0
BRDA:342,33,1,0
BRDA:342,49,0,0
BRDA:342,49,1,0
FN:348,T GameCult.Caching.CultCache::GetByIndex(System.String,System.String)
FNDA:0,T GameCult.Caching.CultCache::GetByIndex(System.String,System.String)
DA:349,0
DA:350,0
DA:351,0
BRDA:350,17,0,0
BRDA:350,17,1,0
FN:353,System.Void GameCult.Caching.CultCache::Remove(GameCult.Caching.DatabaseEntry,GameCult.Caching.CacheBackingStore)
FNDA:0,System.Void GameCult.Caching.CultCache::Remove(GameCult.Caching.DatabaseEntry,GameCult.Caching.CacheBackingStore)
DA:354,0
DA:355,0
DA:356,0
DA:357,0
DA:358,0
DA:359,0
DA:361,0
DA:362,0
DA:363,0
DA:364,0
DA:365,0
DA:366,0
DA:367,0
DA:368,0
DA:369,0
DA:370,0
DA:371,0
DA:372,0
DA:373,0
DA:374,0
DA:375,0
DA:376,0
DA:378,0
DA:379,0
DA:380,0
DA:381,0
DA:382,0
DA:383,0
DA:384,0
DA:385,0
DA:386,0
DA:387,0
DA:388,0
DA:389,0
DA:390,0
BRDA:356,34,1,0
BRDA:357,55,0,0
BRDA:357,55,1,0
BRDA:357,71,0,0
BRDA:357,71,1,0
BRDA:358,105,0,0
BRDA:358,105,1,0
BRDA:362,175,1,0
BRDA:364,156,0,0
BRDA:364,156,1,0
BRDA:362,175,0,0
BRDA:368,260,1,0
BRDA:370,236,0,0
BRDA:370,236,1,0
BRDA:368,260,0,0
BRDA:373,270,0,0
BRDA:373,270,1,0
BRDA:373,293,0,0
BRDA:373,293,1,0
BRDA:378,331,0,0
BRDA:380,438,1,0
BRDA:383,393,0,0
BRDA:383,393,1,0
BRDA:380,438,0,0
BRDA:356,34,0,0
BRDA:378,331,1,0
FN:392,System.Void GameCult.Caching.CultCache::Dispose()
FNDA:0,System.Void GameCult.Caching.CultCache::Dispose()
DA:393,0
DA:394,0
DA:395,0
DA:396,0
DA:397,0
DA:398,0
BRDA:394,53,1,0
BRDA:395,37,0,0
BRDA:395,37,1,0
BRDA:394,53,0,0
BRDA:396,137,1,0
BRDA:397,120,0,0
BRDA:397,120,1,0
BRDA:396,137,0,0
FN:52,System.Void GameCult.Caching.CultCache::.ctor()
FNDA:0,System.Void GameCult.Caching.CultCache::.ctor()
DA:53,0
DA:57,0
DA:58,0
DA:59,0
DA:60,0
DA:61,0
DA:62,0
DA:63,0
DA:65,0
DA:67,0
DA:68,0
DA:78,0
DA:79,0
DA:80,0
DA:82,0
DA:83,0
DA:84,0
DA:85,0
DA:86,0
DA:87,0
DA:88,0
DA:89,0
DA:91,0
DA:92,0
DA:93,0
DA:94,0
DA:95,0
DA:96,0
BRDA:82,278,1,0
BRDA:85,190,0,0
BRDA:85,190,1,0
BRDA:91,247,0,0
BRDA:91,247,1,0
BRDA:82,278,0,0
FN:150,System.Threading.Tasks.Task GameCult.Caching.CultCache/<>c::<PullAllBackingStoresAsync>b__21_0(GameCult.Caching.CacheBackingStore)
FNDA:0,System.Threading.Tasks.Task GameCult.Caching.CultCache/<>c::<PullAllBackingStoresAsync>b__21_0(GameCult.Caching.CacheBackingStore)
DA:151,0
FN:151,System.Threading.Tasks.Task GameCult.Caching.CultCache/<>c::<PullAllBackingStoresAsync>b__21_1(GameCult.Caching.CacheBackingStore)
FNDA:0,System.Threading.Tasks.Task GameCult.Caching.CultCache/<>c::<PullAllBackingStoresAsync>b__21_1(GameCult.Caching.CacheBackingStore)
DA:152,0
FN:202,ConcurrentCollections.ConcurrentHashSet`1<GameCult.Caching.DatabaseEntry> GameCult.Caching.CultCache/<>c::<AddAsync>b__22_1(System.Type)
FNDA:0,ConcurrentCollections.ConcurrentHashSet`1<GameCult.Caching.DatabaseEntry> GameCult.Caching.CultCache/<>c::<AddAsync>b__22_1(System.Type)
DA:203,0
FN:169,GameCult.Caching.DatabaseEntry GameCult.Caching.CultCache/<>c__DisplayClass22_0::<AddAsync>b__0(System.Type,GameCult.Caching.DatabaseEntry)
FNDA:0,GameCult.Caching.DatabaseEntry GameCult.Caching.CultCache/<>c__DisplayClass22_0::<AddAsync>b__0(System.Type,GameCult.Caching.DatabaseEntry)
DA:170,0
DA:171,0
DA:172,0
DA:174,0
DA:175,0
DA:176,0
BRDA:171,7,0,0
BRDA:171,7,1,0
FN:236,System.Void GameCult.Caching.CultCache/<>c__DisplayClass22_0::<AddAsync>b__3()
FNDA:0,System.Void GameCult.Caching.CultCache/<>c__DisplayClass22_0::<AddAsync>b__3()
DA:237,0
FN:234,System.Void GameCult.Caching.CultCache/<>c__DisplayClass22_1::<AddAsync>b__2()
FNDA:0,System.Void GameCult.Caching.CultCache/<>c__DisplayClass22_1::<AddAsync>b__2()
DA:235,0
FN:157,System.Void GameCult.Caching.CultCache/<AddAsync>d__22::MoveNext()
FNDA:0,System.Void GameCult.Caching.CultCache/<AddAsync>d__22::MoveNext()
DA:158,0
DA:159,0
DA:161,0
DA:164,0
DA:166,0
DA:167,0
DA:168,0
DA:169,0
DA:173,0
DA:179,0
DA:180,0
DA:182,0
DA:183,0
DA:184,0
DA:185,0
DA:188,0
DA:189,0
DA:190,0
DA:191,0
DA:192,0
DA:193,0
DA:194,0
DA:195,0
DA:196,0
DA:197,0
DA:198,0
DA:199,0
DA:200,0
DA:202,0
DA:204,0
DA:205,0
DA:206,0
DA:207,0
DA:208,0
DA:212,0
DA:213,0
DA:214,0
DA:215,0
DA:218,0
DA:219,0
DA:220,0
DA:221,0
DA:222,0
DA:223,0
DA:224,0
DA:225,0
DA:226,0
DA:227,0
DA:228,0
DA:229,0
DA:233,0
DA:234,0
DA:236,0
DA:238,0
DA:239,0
DA:240,0
DA:242,0
DA:243,0
DA:244,0
BRDA:159,80,0,0
BRDA:159,80,1,0
BRDA:164,157,0,0
BRDA:164,157,1,0
BRDA:166,195,0,0
BRDA:166,195,1,0
BRDA:179,266,0,0
BRDA:182,295,0,0
BRDA:182,295,1,0
BRDA:182,337,0,0
BRDA:182,337,1,0
BRDA:188,403,0,0
BRDA:190,626,1,0
BRDA:193,513,0,0
BRDA:193,513,1,0
BRDA:190,626,0,0
BRDA:188,403,1,0
BRDA:179,266,1,0
BRDA:204,962,1,0
BRDA:206,894,0,0
BRDA:206,894,1,0
BRDA:204,962,0,0
BRDA:212,999,0,0
BRDA:212,999,1,0
BRDA:212,1041,0,0
BRDA:212,1041,1,0
BRDA:218,1121,0,0
BRDA:220,1363,1,0
BRDA:223,1236,0,0
BRDA:223,1236,1,0
BRDA:220,1363,0,0
BRDA:218,1121,1,0
BRDA:234,1504,0,0
BRDA:234,1504,1,0
BRDA:236,1643,0,0
BRDA:236,1643,1,0
BRDA:236,1679,0,0
BRDA:236,1679,1,0
FN:149,System.Void GameCult.Caching.CultCache/<PullAllBackingStoresAsync>d__21::MoveNext()
FNDA:0,System.Void GameCult.Caching.CultCache/<PullAllBackingStoresAsync>d__21::MoveNext()
DA:150,0
DA:153,0
DA:154,0
DA:155,0
FN:411,GameCult.Logging.ILogger GameCult.Caching.CacheBackingStore::get_Logger()
FNDA:0,GameCult.Logging.ILogger GameCult.Caching.CacheBackingStore::get_Logger()
DA:412,0
FN:412,System.Void GameCult.Caching.CacheBackingStore::set_Logger(GameCult.Logging.ILogger)
FNDA:0,System.Void GameCult.Caching.CacheBackingStore::set_Logger(GameCult.Logging.ILogger)
DA:413,0
BRDA:413,3,0,0
BRDA:413,3,1,0
FN:427,R3.Subject`1<GameCult.Caching.DatabaseEntry> GameCult.Caching.CacheBackingStore::get_EntryAdded()
FNDA:0,R3.Subject`1<GameCult.Caching.DatabaseEntry> GameCult.Caching.CacheBackingStore::get_EntryAdded()
DA:428,0
FN:428,R3.Subject`1<GameCult.Caching.DatabaseEntry> GameCult.Caching.CacheBackingStore::get_EntryDeleted()
FNDA:0,R3.Subject`1<GameCult.Caching.DatabaseEntry> GameCult.Caching.CacheBackingStore::get_EntryDeleted()
DA:429,0
FN:429,R3.Subject`1<GameCult.Caching.DatabaseEntry> GameCult.Caching.CacheBackingStore::get_EntryUpdated()
FNDA:0,R3.Subject`1<GameCult.Caching.DatabaseEntry> GameCult.Caching.CacheBackingStore::get_EntryUpdated()
DA:430,0
FN:434,System.Void GameCult.Caching.CacheBackingStore::SubscribeTo(GameCult.Caching.CacheBackingStore)
FNDA:0,System.Void GameCult.Caching.CacheBackingStore::SubscribeTo(GameCult.Caching.CacheBackingStore)
DA:435,0
DA:436,0
DA:437,0
DA:438,0
DA:439,0
FN:407,System.Void GameCult.Caching.CacheBackingStore::.ctor()
FNDA:0,System.Void GameCult.Caching.CacheBackingStore::.ctor()
DA:408,0
DA:416,0
DA:417,0
DA:418,0
DA:419,0
DA:420,0
DA:421,0
DA:432,0
FN:443,System.IO.DirectoryInfo GameCult.Caching.MultiFileBackingStore::get_RootDirectory()
FNDA:0,System.IO.DirectoryInfo GameCult.Caching.MultiFileBackingStore::get_RootDirectory()
DA:444,0
FN:463,System.IO.DirectoryInfo GameCult.Caching.MultiFileBackingStore::GetDirectoryForType(System.Type)
FNDA:0,System.IO.DirectoryInfo GameCult.Caching.MultiFileBackingStore::GetDirectoryForType(System.Type)
DA:464,0
DA:465,0
DA:466,0
DA:467,0
DA:468,0
DA:469,0
DA:470,0
DA:471,0
DA:472,0
DA:473,0
DA:474,0
BRDA:467,63,1,0
BRDA:467,40,0,0
BRDA:467,40,1,0
BRDA:467,63,0,0
FN:476,System.Void GameCult.Caching.MultiFileBackingStore::PullAll()
FNDA:0,System.Void GameCult.Caching.MultiFileBackingStore::PullAll()
DA:477,0
DA:478,0
DA:480,0
DA:481,0
DA:482,0
DA:483,0
DA:485,0
DA:486,0
DA:487,0
DA:488,0
DA:489,0
DA:490,0
DA:491,0
DA:492,0
DA:493,0
DA:494,0
DA:495,0
DA:496,0
DA:497,0
BRDA:478,17,1,0
BRDA:480,264,1,0
BRDA:482,238,1,0
BRDA:482,238,0,0
BRDA:480,264,0,0
BRDA:478,17,0,0
FN:499,System.String GameCult.Caching.MultiFileBackingStore::GetFileName(GameCult.Caching.DatabaseEntry)
FNDA:0,System.String GameCult.Caching.MultiFileBackingStore::GetFileName(GameCult.Caching.DatabaseEntry)
DA:500,0
DA:501,0
DA:503,0
DA:504,0
DA:505,0
DA:506,0
BRDA:501,9,0,0
BRDA:501,9,1,0
BRDA:503,72,1,0
BRDA:503,72,0,0
FN:508,System.Void GameCult.Caching.MultiFileBackingStore::Push(GameCult.Caching.DatabaseEntry)
FNDA:0,System.Void GameCult.Caching.MultiFileBackingStore::Push(GameCult.Caching.DatabaseEntry)
DA:509,0
DA:510,0
DA:511,0
DA:512,0
DA:513,0
DA:514,0
DA:515,0
DA:516,0
FN:518,System.Void GameCult.Caching.MultiFileBackingStore::Delete(GameCult.Caching.DatabaseEntry)
FNDA:0,System.Void GameCult.Caching.MultiFileBackingStore::Delete(GameCult.Caching.DatabaseEntry)
DA:519,0
DA:520,0
DA:521,0
DA:522,0
DA:523,0
DA:524,0
DA:525,0
DA:526,0
DA:527,0
DA:528,0
DA:529,0
DA:530,0
DA:531,0
BRDA:520,20,0,0
BRDA:528,116,0,0
BRDA:528,116,1,0
BRDA:520,20,1,0
FN:533,System.Void GameCult.Caching.MultiFileBackingStore::PushAll(System.Boolean)
FNDA:0,System.Void GameCult.Caching.MultiFileBackingStore::PushAll(System.Boolean)
DA:534,0
DA:535,0
DA:536,0
BRDA:535,43,1,0
BRDA:535,43,0,0
FN:538,System.Void GameCult.Caching.MultiFileBackingStore::ObserveChanges()
FNDA:0,System.Void GameCult.Caching.MultiFileBackingStore::ObserveChanges()
DA:539,0
DA:540,0
DA:541,0
DA:543,0
DA:544,0
DA:545,0
DA:546,0
DA:547,0
DA:548,0
DA:551,0
DA:552,0
DA:554,0
DA:555,0
DA:556,0
DA:557,0
DA:558,0
DA:559,0
DA:560,0
DA:561,0
DA:562,0
DA:563,0
DA:564,0
DA:565,0
DA:566,0
BRDA:540,12,0,0
BRDA:540,12,1,0
FN:568,System.Void GameCult.Caching.MultiFileBackingStore::HandleFileCreation(System.String)
FNDA:0,System.Void GameCult.Caching.MultiFileBackingStore::HandleFileCreation(System.String)
DA:569,0
DA:571,0
DA:572,0
DA:573,0
DA:574,0
DA:575,0
DA:576,0
DA:577,0
DA:578,0
DA:579,0
DA:580,0
DA:581,0
FN:583,System.Void GameCult.Caching.MultiFileBackingStore::HandleFileChange(System.String)
FNDA:0,System.Void GameCult.Caching.MultiFileBackingStore::HandleFileChange(System.String)
DA:584,0
DA:586,0
DA:587,0
DA:588,0
DA:589,0
DA:590,0
DA:591,0
DA:592,0
DA:593,0
DA:594,0
DA:595,0
DA:596,0
FN:598,System.Void GameCult.Caching.MultiFileBackingStore::HandleFileRemoval(System.String)
FNDA:0,System.Void GameCult.Caching.MultiFileBackingStore::HandleFileRemoval(System.String)
DA:599,0
DA:601,0
DA:603,0
DA:604,0
DA:605,0
DA:608,0
DA:609,0
DA:610,0
DA:611,0
DA:612,0
DA:614,0
DA:616,0
DA:617,0
DA:618,0
DA:619,0
DA:620,0
DA:621,0
DA:622,0
DA:623,0
DA:624,0
DA:625,0
DA:626,0
BRDA:603,18,0,0
BRDA:608,54,0,0
BRDA:608,54,1,0
BRDA:603,18,1,0
FN:629,System.Type GameCult.Caching.MultiFileBackingStore::GetTypeFromPath(System.String)
FNDA:0,System.Type GameCult.Caching.MultiFileBackingStore::GetTypeFromPath(System.String)
DA:630,0
DA:631,0
DA:633,0
DA:634,0
DA:635,0
DA:636,0
DA:637,0
DA:638,0
DA:639,0
DA:640,0
DA:641,0
BRDA:631,15,0,0
BRDA:631,15,1,0
BRDA:633,149,1,0
BRDA:635,49,0,0
BRDA:635,49,1,0
BRDA:636,98,0,0
BRDA:636,98,1,0
BRDA:633,129,0,0
BRDA:633,129,1,0
BRDA:633,149,0,0
FN:644,GameCult.Caching.DatabaseEntry GameCult.Caching.MultiFileBackingStore::CreateStubEntry(System.Guid,System.Type)
FNDA:0,GameCult.Caching.DatabaseEntry GameCult.Caching.MultiFileBackingStore::CreateStubEntry(System.Guid,System.Type)
DA:645,0
DA:646,0
DA:647,0
DA:648,0
DA:649,0
BRDA:647,34,0,0
BRDA:647,34,1,0
FN:651,System.Void GameCult.Caching.MultiFileBackingStore::Dispose()
FNDA:0,System.Void GameCult.Caching.MultiFileBackingStore::Dispose()
DA:652,0
DA:653,0
DA:654,0
DA:655,0
BRDA:653,8,0,0
BRDA:653,8,1,0
BRDA:654,26,0,0
BRDA:654,26,1,0
FN:444,System.Void GameCult.Caching.MultiFileBackingStore::.ctor(System.String)
FNDA:0,System.Void GameCult.Caching.MultiFileBackingStore::.ctor(System.String)
DA:445,0
DA:446,0
DA:454,0
DA:455,0
DA:456,0
DA:457,0
DA:458,0
DA:459,0
DA:460,0
DA:461,0
BRDA:457,97,1,0
BRDA:457,97,0,0
FN:659,System.IO.FileInfo GameCult.Caching.SingleFileBackingStore::get_FileInfo()
FNDA:0,System.IO.FileInfo GameCult.Caching.SingleFileBackingStore::get_FileInfo()
DA:660,0
FN:670,System.Void GameCult.Caching.SingleFileBackingStore::PullAll()
FNDA:0,System.Void GameCult.Caching.SingleFileBackingStore::PullAll()
DA:671,0
DA:672,0
DA:674,0
DA:675,0
DA:676,0
DA:677,0
DA:678,0
DA:679,0
BRDA:672,17,1,0
BRDA:674,95,1,0
BRDA:672,17,0,0
BRDA:674,95,0,0
FN:681,System.Void GameCult.Caching.SingleFileBackingStore::Push(GameCult.Caching.DatabaseEntry)
FNDA:0,System.Void GameCult.Caching.SingleFileBackingStore::Push(GameCult.Caching.DatabaseEntry)
DA:682,0
DA:683,0
DA:684,0
DA:685,0
DA:686,0
FN:688,System.Void GameCult.Caching.SingleFileBackingStore::Delete(GameCult.Caching.DatabaseEntry)
FNDA:0,System.Void GameCult.Caching.SingleFileBackingStore::Delete(GameCult.Caching.DatabaseEntry)
DA:689,0
DA:690,0
DA:691,0
DA:692,0
DA:693,0
DA:694,0
DA:695,0
BRDA:690,22,0,0
BRDA:690,22,1,0
FN:697,System.Void GameCult.Caching.SingleFileBackingStore::PushAll(System.Boolean)
FNDA:0,System.Void GameCult.Caching.SingleFileBackingStore::PushAll(System.Boolean)
DA:698,0
DA:699,0
DA:700,0
DA:701,0
FN:664,System.Void GameCult.Caching.SingleFileBackingStore::.ctor(System.String)
FNDA:0,System.Void GameCult.Caching.SingleFileBackingStore::.ctor(System.String)
DA:665,0
DA:666,0
DA:667,0
DA:668,0
LF:470
LH:0
BRF:178
BRH:0
FNF:57
FNH:0
end_of_record
SF:e:\Projects\CultLib\src\GameCult.Caching\DatabaseEntry.cs
FN:18,System.Int32 GameCult.Caching.DatabaseEntry::GetHashCode()
FNDA:0,System.Int32 GameCult.Caching.DatabaseEntry::GetHashCode()
DA:19,0
DA:20,0
DA:21,0
FN:23,System.Boolean GameCult.Caching.DatabaseEntry::Equals(System.Object)
FNDA:0,System.Boolean GameCult.Caching.DatabaseEntry::Equals(System.Object)
DA:24,0
DA:25,0
DA:26,0
DA:27,0
BRDA:25,14,0,0
BRDA:25,14,1,0
FN:15,System.Void GameCult.Caching.DatabaseEntry::.ctor()
FNDA:0,System.Void GameCult.Caching.DatabaseEntry::.ctor()
DA:16,0
FN:33,T GameCult.Caching.DatabaseLink`1::get_Value()
FNDA:0,T GameCult.Caching.DatabaseLink`1::get_Value()
DA:34,0
FN:63,System.String GameCult.Caching.PlayerData::get_EntryName()
FNDA:0,System.String GameCult.Caching.PlayerData::get_EntryName()
DA:64,0
FN:64,System.Void GameCult.Caching.PlayerData::set_EntryName(System.String)
FNDA:0,System.Void GameCult.Caching.PlayerData::set_EntryName(System.String)
DA:65,0
LF:11
LH:0
BRF:2
BRH:0
FNF:6
FNH:0
end_of_record
SF:e:\Projects\CultLib\src\GameCult.Logging\ConsoleLogger.cs
FN:6,System.Void GameCult.Logging.ConsoleLogger::LogInfo(System.String)
FNDA:0,System.Void GameCult.Logging.ConsoleLogger::LogInfo(System.String)
DA:7,0
FN:8,System.Void GameCult.Logging.ConsoleLogger::LogWarning(System.String)
FNDA:0,System.Void GameCult.Logging.ConsoleLogger::LogWarning(System.String)
DA:9,0
DA:10,0
DA:11,0
DA:12,0
FN:14,System.Void GameCult.Logging.ConsoleLogger::LogError(System.String)
FNDA:0,System.Void GameCult.Logging.ConsoleLogger::LogError(System.String)
DA:15,0
DA:16,0
DA:17,0
DA:18,0
FN:20,System.Void GameCult.Logging.ConsoleLogger::LogDebug(System.String)
FNDA:0,System.Void GameCult.Logging.ConsoleLogger::LogDebug(System.String)
DA:21,0
DA:22,0
DA:23,0
BRDA:22,19,0,0
BRDA:22,19,1,0
LF:12
LH:0
BRF:2
BRH:0
FNF:4
FNH:0
end_of_record
SF:e:\Projects\CultLib\src\GameCult.Logging\FileLogger.cs
FN:15,System.Void GameCult.Logging.FileLogger::Append(System.String,System.String)
FNDA:0,System.Void GameCult.Logging.FileLogger::Append(System.String,System.String)
DA:16,0
DA:17,0
DA:18,0
FN:19,System.Void GameCult.Logging.FileLogger::LogInfo(System.String)
FNDA:0,System.Void GameCult.Logging.FileLogger::LogInfo(System.String)
DA:20,0
FN:20,System.Void GameCult.Logging.FileLogger::LogWarning(System.String)
FNDA:0,System.Void GameCult.Logging.FileLogger::LogWarning(System.String)
DA:21,0
FN:21,System.Void GameCult.Logging.FileLogger::LogError(System.String)
FNDA:0,System.Void GameCult.Logging.FileLogger::LogError(System.String)
DA:22,0
FN:22,System.Void GameCult.Logging.FileLogger::LogDebug(System.String)
FNDA:0,System.Void GameCult.Logging.FileLogger::LogDebug(System.String)
DA:23,0
FN:9,System.Void GameCult.Logging.FileLogger::.ctor(System.String)
FNDA:0,System.Void GameCult.Logging.FileLogger::.ctor(System.String)
DA:10,0
DA:11,0
DA:12,0
DA:13,0
LF:11
LH:0
BRF:0
BRH:0
FNF:6
FNH:0
end_of_record
SF:e:\Projects\CultLib\src\GameCult.Logging\ILogger.cs
FN:13,System.Void GameCult.Logging.NullLogger::LogInfo(System.String)
FNDA:0,System.Void GameCult.Logging.NullLogger::LogInfo(System.String)
DA:14,0
FN:14,System.Void GameCult.Logging.NullLogger::LogWarning(System.String)
FNDA:0,System.Void GameCult.Logging.NullLogger::LogWarning(System.String)
DA:15,0
FN:15,System.Void GameCult.Logging.NullLogger::LogError(System.String)
FNDA:0,System.Void GameCult.Logging.NullLogger::LogError(System.String)
DA:16,0
FN:16,System.Void GameCult.Logging.NullLogger::LogDebug(System.String)
FNDA:0,System.Void GameCult.Logging.NullLogger::LogDebug(System.String)
DA:17,0
LF:4
LH:0
BRF:0
BRH:0
FNF:4
FNH:0
end_of_record
SF:e:\Projects\CultLib\obj\src\GameCult.Networking\Debug\netstandard2.1\MessagePack.SourceGenerator\MessagePack.SourceGenerator.MessagePackGenerator\MessagePack.GeneratedMessagePackResolver.g.cs
FN:21,MessagePack.Formatters.IMessagePackFormatter`1<T> MessagePack.GeneratedMessagePackResolver::GetFormatter()
FNDA:0,MessagePack.Formatters.IMessagePackFormatter`1<T> MessagePack.GeneratedMessagePackResolver::GetFormatter()
DA:22,0
DA:23,0
DA:24,0
FN:16,System.Void MessagePack.GeneratedMessagePackResolver::.ctor()
FNDA:0,System.Void MessagePack.GeneratedMessagePackResolver::.ctor()
DA:17,0
DA:18,0
DA:19,0
FN:14,System.Void MessagePack.GeneratedMessagePackResolver::.cctor()
FNDA:0,System.Void MessagePack.GeneratedMessagePackResolver::.cctor()
DA:15,0
FN:30,System.Void MessagePack.GeneratedMessagePackResolver/FormatterCache`1::.cctor()
FNDA:0,System.Void MessagePack.GeneratedMessagePackResolver/FormatterCache`1::.cctor()
DA:31,0
DA:32,0
DA:33,0
DA:34,0
DA:35,0
DA:36,0
DA:37,0
BRDA:33,23,0,0
BRDA:33,23,1,0
FN:54,System.Object MessagePack.GeneratedMessagePackResolver/GeneratedMessagePackResolverGetFormatterHelper::GetFormatter(System.Type)
FNDA:0,System.Object MessagePack.GeneratedMessagePackResolver/GeneratedMessagePackResolverGetFormatterHelper::GetFormatter(System.Type)
DA:55,0
DA:56,0
DA:57,0
DA:58,0
DA:60,0
DA:61,0
DA:62,0
DA:63,0
DA:64,0
DA:65,0
DA:66,0
DA:67,0
DA:68,0
DA:72,0
DA:73,0
BRDA:56,16,0,0
BRDA:58,24,1,0
BRDA:58,24,2,0
BRDA:58,24,3,0
BRDA:58,24,4,0
BRDA:58,24,5,0
BRDA:58,24,6,0
BRDA:58,24,7,0
BRDA:58,24,8,0
BRDA:58,24,0,0
BRDA:56,16,1,0
FN:41,System.Void MessagePack.GeneratedMessagePackResolver/GeneratedMessagePackResolverGetFormatterHelper::.cctor()
FNDA:0,System.Void MessagePack.GeneratedMessagePackResolver/GeneratedMessagePackResolverGetFormatterHelper::.cctor()
DA:42,0
DA:43,0
DA:44,0
DA:45,0
DA:46,0
DA:47,0
DA:48,0
DA:49,0
DA:50,0
DA:51,0
DA:52,0
LF:40
LH:0
BRF:13
BRH:0
FNF:6
FNH:0
end_of_record
SF:e:\Projects\CultLib\obj\src\GameCult.Networking\Debug\netstandard2.1\MessagePack.SourceGenerator\MessagePack.SourceGenerator.MessagePackGenerator\Formatters.MessagePack.GeneratedMessagePackResolver.GameCult.PongReborn.Scripts.Networking.ChangeNameMessageFormatter.g.cs
FN:19,System.Void MessagePack.GeneratedMessagePackResolver/GameCult/PongReborn/Scripts/Networking/ChangeNameMessageFormatter::Serialize(MessagePack.MessagePackWriter&,GameCult.PongReborn.Scripts.Networking.ChangeNameMessage,MessagePack.MessagePackSerializerOptions)
FNDA:0,System.Void MessagePack.GeneratedMessagePackResolver/GameCult/PongReborn/Scripts/Networking/ChangeNameMessageFormatter::Serialize(MessagePack.MessagePackWriter&,GameCult.PongReborn.Scripts.Networking.ChangeNameMessage,MessagePack.MessagePackSerializerOptions)
DA:20,0
DA:21,0
DA:22,0
DA:23,0
DA:24,0
DA:27,0
DA:28,0
DA:29,0
DA:30,0
BRDA:21,7,0,0
BRDA:21,7,1,0
FN:32,GameCult.PongReborn.Scripts.Networking.ChangeNameMessage MessagePack.GeneratedMessagePackResolver/GameCult/PongReborn/Scripts/Networking/ChangeNameMessageFormatter::Deserialize(MessagePack.MessagePackReader&,MessagePack.MessagePackSerializerOptions)
FNDA:0,GameCult.PongReborn.Scripts.Networking.ChangeNameMessage MessagePack.GeneratedMessagePackResolver/GameCult/PongReborn/Scripts/Networking/ChangeNameMessageFormatter::Deserialize(MessagePack.MessagePackReader&,MessagePack.MessagePackSerializerOptions)
DA:33,0
DA:34,0
DA:35,0
DA:36,0
DA:39,0
DA:40,0
DA:41,0
DA:42,0
DA:44,0
DA:45,0
DA:46,0
DA:49,0
DA:50,0
DA:52,0
DA:53,0
DA:55,0
DA:57,0
DA:58,0
DA:59,0
BRDA:34,9,0,0
BRDA:34,9,1,0
BRDA:44,116,1,0
BRDA:46,66,1,0
BRDA:46,66,0,0
BRDA:44,116,0,0
LF:28
LH:0
BRF:8
BRH:0
FNF:2
FNH:0
end_of_record
SF:e:\Projects\CultLib\obj\src\GameCult.Networking\Debug\netstandard2.1\MessagePack.SourceGenerator\MessagePack.SourceGenerator.MessagePackGenerator\Formatters.MessagePack.GeneratedMessagePackResolver.GameCult.PongReborn.Scripts.Networking.ChatMessageFormatter.g.cs
FN:19,System.Void MessagePack.GeneratedMessagePackResolver/GameCult/PongReborn/Scripts/Networking/ChatMessageFormatter::Serialize(MessagePack.MessagePackWriter&,GameCult.PongReborn.Scripts.Networking.ChatMessage,MessagePack.MessagePackSerializerOptions)
FNDA:0,System.Void MessagePack.GeneratedMessagePackResolver/GameCult/PongReborn/Scripts/Networking/ChatMessageFormatter::Serialize(MessagePack.MessagePackWriter&,GameCult.PongReborn.Scripts.Networking.ChatMessage,MessagePack.MessagePackSerializerOptions)
DA:20,0
DA:21,0
DA:22,0
DA:23,0
DA:24,0
DA:27,0
DA:28,0
DA:29,0
DA:30,0
BRDA:21,7,0,0
BRDA:21,7,1,0
FN:32,GameCult.PongReborn.Scripts.Networking.ChatMessage MessagePack.GeneratedMessagePackResolver/GameCult/PongReborn/Scripts/Networking/ChatMessageFormatter::Deserialize(MessagePack.MessagePackReader&,MessagePack.MessagePackSerializerOptions)
FNDA:0,GameCult.PongReborn.Scripts.Networking.ChatMessage MessagePack.GeneratedMessagePackResolver/GameCult/PongReborn/Scripts/Networking/ChatMessageFormatter::Deserialize(MessagePack.MessagePackReader&,MessagePack.MessagePackSerializerOptions)
DA:33,0
DA:34,0
DA:35,0
DA:36,0
DA:39,0
DA:40,0
DA:41,0
DA:42,0
DA:44,0
DA:45,0
DA:46,0
DA:49,0
DA:50,0
DA:52,0
DA:53,0
DA:55,0
DA:57,0
DA:58,0
DA:59,0
BRDA:34,9,0,0
BRDA:34,9,1,0
BRDA:44,116,1,0
BRDA:46,66,1,0
BRDA:46,66,0,0
BRDA:44,116,0,0
LF:28
LH:0
BRF:8
BRH:0
FNF:2
FNH:0
end_of_record
SF:e:\Projects\CultLib\obj\src\GameCult.Networking\Debug\netstandard2.1\MessagePack.SourceGenerator\MessagePack.SourceGenerator.MessagePackGenerator\Formatters.MessagePack.GeneratedMessagePackResolver.GameCult.PongReborn.Scripts.Networking.ErrorMessageFormatter.g.cs
FN:19,System.Void MessagePack.GeneratedMessagePackResolver/GameCult/PongReborn/Scripts/Networking/ErrorMessageFormatter::Serialize(MessagePack.MessagePackWriter&,GameCult.PongReborn.Scripts.Networking.ErrorMessage,MessagePack.MessagePackSerializerOptions)
FNDA:0,System.Void MessagePack.GeneratedMessagePackResolver/GameCult/PongReborn/Scripts/Networking/ErrorMessageFormatter::Serialize(MessagePack.MessagePackWriter&,GameCult.PongReborn.Scripts.Networking.ErrorMessage,MessagePack.MessagePackSerializerOptions)
DA:20,0
DA:21,0
DA:22,0
DA:23,0
DA:24,0
DA:27,0
DA:28,0
DA:29,0
DA:30,0
BRDA:21,7,0,0
BRDA:21,7,1,0
FN:32,GameCult.PongReborn.Scripts.Networking.ErrorMessage MessagePack.GeneratedMessagePackResolver/GameCult/PongReborn/Scripts/Networking/ErrorMessageFormatter::Deserialize(MessagePack.MessagePackReader&,MessagePack.MessagePackSerializerOptions)
FNDA:0,GameCult.PongReborn.Scripts.Networking.ErrorMessage MessagePack.GeneratedMessagePackResolver/GameCult/PongReborn/Scripts/Networking/ErrorMessageFormatter::Deserialize(MessagePack.MessagePackReader&,MessagePack.MessagePackSerializerOptions)
DA:33,0
DA:34,0
DA:35,0
DA:36,0
DA:39,0
DA:40,0
DA:41,0
DA:42,0
DA:44,0
DA:45,0
DA:46,0
DA:49,0
DA:50,0
DA:52,0
DA:53,0
DA:55,0
DA:57,0
DA:58,0
DA:59,0
BRDA:34,9,0,0
BRDA:34,9,1,0
BRDA:44,116,1,0
BRDA:46,66,1,0
BRDA:46,66,0,0
BRDA:44,116,0,0
LF:28
LH:0
BRF:8
BRH:0
FNF:2
FNH:0
end_of_record
SF:e:\Projects\CultLib\obj\src\GameCult.Networking\Debug\netstandard2.1\MessagePack.SourceGenerator\MessagePack.SourceGenerator.MessagePackGenerator\Formatters.MessagePack.GeneratedMessagePackResolver.GameCult.PongReborn.Scripts.Networking.LoginMessageFormatter.g.cs
FN:19,System.Void MessagePack.GeneratedMessagePackResolver/GameCult/PongReborn/Scripts/Networking/LoginMessageFormatter::Serialize(MessagePack.MessagePackWriter&,GameCult.PongReborn.Scripts.Networking.LoginMessage,MessagePack.MessagePackSerializerOptions)
FNDA:0,System.Void MessagePack.GeneratedMessagePackResolver/GameCult/PongReborn/Scripts/Networking/LoginMessageFormatter::Serialize(MessagePack.MessagePackWriter&,GameCult.PongReborn.Scripts.Networking.LoginMessage,MessagePack.MessagePackSerializerOptions)
DA:20,0
DA:21,0
DA:22,0
DA:23,0
DA:24,0
DA:27,0
DA:28,0
DA:29,0
DA:30,0
DA:31,0
BRDA:21,7,0,0
BRDA:21,7,1,0
FN:33,GameCult.PongReborn.Scripts.Networking.LoginMessage MessagePack.GeneratedMessagePackResolver/GameCult/PongReborn/Scripts/Networking/LoginMessageFormatter::Deserialize(MessagePack.MessagePackReader&,MessagePack.MessagePackSerializerOptions)
FNDA:0,GameCult.PongReborn.Scripts.Networking.LoginMessage MessagePack.GeneratedMessagePackResolver/GameCult/PongReborn/Scripts/Networking/LoginMessageFormatter::Deserialize(MessagePack.MessagePackReader&,MessagePack.MessagePackSerializerOptions)
DA:34,0
DA:35,0
DA:36,0
DA:37,0
DA:40,0
DA:41,0
DA:42,0
DA:44,0
DA:45,0
DA:46,0
DA:49,0
DA:50,0
DA:52,0
DA:53,0
DA:55,0
DA:56,0
DA:58,0
DA:59,0
DA:61,0
DA:63,0
DA:64,0
DA:65,0
BRDA:35,9,0,0
BRDA:35,9,1,0
BRDA:44,174,1,0
BRDA:46,61,1,0
BRDA:46,61,2,0
BRDA:46,61,3,0
BRDA:46,61,0,0
BRDA:44,174,0,0
LF:32
LH:0
BRF:10
BRH:0
FNF:2
FNH:0
end_of_record
SF:e:\Projects\CultLib\obj\src\GameCult.Networking\Debug\netstandard2.1\MessagePack.SourceGenerator\MessagePack.SourceGenerator.MessagePackGenerator\Formatters.MessagePack.GeneratedMessagePackResolver.GameCult.PongReborn.Scripts.Networking.LoginSuccessMessageFormatter.g.cs
FN:19,System.Void MessagePack.GeneratedMessagePackResolver/GameCult/PongReborn/Scripts/Networking/LoginSuccessMessageFormatter::Serialize(MessagePack.MessagePackWriter&,GameCult.PongReborn.Scripts.Networking.LoginSuccessMessage,MessagePack.MessagePackSerializerOptions)
FNDA:0,System.Void MessagePack.GeneratedMessagePackResolver/GameCult/PongReborn/Scripts/Networking/LoginSuccessMessageFormatter::Serialize(MessagePack.MessagePackWriter&,GameCult.PongReborn.Scripts.Networking.LoginSuccessMessage,MessagePack.MessagePackSerializerOptions)
DA:20,0
DA:21,0
DA:22,0
DA:23,0
DA:24,0
DA:27,0
DA:28,0
DA:29,0
DA:30,0
BRDA:21,7,0,0
BRDA:21,7,1,0
FN:32,GameCult.PongReborn.Scripts.Networking.LoginSuccessMessage MessagePack.GeneratedMessagePackResolver/GameCult/PongReborn/Scripts/Networking/LoginSuccessMessageFormatter::Deserialize(MessagePack.MessagePackReader&,MessagePack.MessagePackSerializerOptions)
FNDA:0,GameCult.PongReborn.Scripts.Networking.LoginSuccessMessage MessagePack.GeneratedMessagePackResolver/GameCult/PongReborn/Scripts/Networking/LoginSuccessMessageFormatter::Deserialize(MessagePack.MessagePackReader&,MessagePack.MessagePackSerializerOptions)
DA:33,0
DA:34,0
DA:35,0
DA:36,0
DA:39,0
DA:40,0
DA:41,0
DA:43,0
DA:44,0
DA:45,0
DA:48,0
DA:49,0
DA:51,0
DA:52,0
DA:54,0
DA:55,0
DA:57,0
DA:59,0
DA:60,0
DA:61,0
BRDA:34,9,0,0
BRDA:34,9,1,0
BRDA:43,143,1,0
BRDA:45,61,0,0
BRDA:45,61,1,0
BRDA:45,68,1,0
BRDA:45,68,0,0
BRDA:43,143,0,0
LF:29
LH:0
BRF:10
BRH:0
FNF:2
FNH:0
end_of_record
SF:e:\Projects\CultLib\obj\src\GameCult.Networking\Debug\netstandard2.1\MessagePack.SourceGenerator\MessagePack.SourceGenerator.MessagePackGenerator\Formatters.MessagePack.GeneratedMessagePackResolver.GameCult.PongReborn.Scripts.Networking.RegisterMessageFormatter.g.cs
FN:19,System.Void MessagePack.GeneratedMessagePackResolver/GameCult/PongReborn/Scripts/Networking/RegisterMessageFormatter::Serialize(MessagePack.MessagePackWriter&,GameCult.PongReborn.Scripts.Networking.RegisterMessage,MessagePack.MessagePackSerializerOptions)
FNDA:0,System.Void MessagePack.GeneratedMessagePackResolver/GameCult/PongReborn/Scripts/Networking/RegisterMessageFormatter::Serialize(MessagePack.MessagePackWriter&,GameCult.PongReborn.Scripts.Networking.RegisterMessage,MessagePack.MessagePackSerializerOptions)
DA:20,0
DA:21,0
DA:22,0
DA:23,0
DA:24,0
DA:27,0
DA:28,0
DA:29,0
DA:30,0
DA:31,0
DA:32,0
BRDA:21,7,0,0
BRDA:21,7,1,0
FN:34,GameCult.PongReborn.Scripts.Networking.RegisterMessage MessagePack.GeneratedMessagePackResolver/GameCult/PongReborn/Scripts/Networking/RegisterMessageFormatter::Deserialize(MessagePack.MessagePackReader&,MessagePack.MessagePackSerializerOptions)
FNDA:0,GameCult.PongReborn.Scripts.Networking.RegisterMessage MessagePack.GeneratedMessagePackResolver/GameCult/PongReborn/Scripts/Networking/RegisterMessageFormatter::Deserialize(MessagePack.MessagePackReader&,MessagePack.MessagePackSerializerOptions)
DA:35,0
DA:36,0
DA:37,0
DA:38,0
DA:41,0
DA:42,0
DA:43,0
DA:45,0
DA:46,0
DA:47,0
DA:50,0
DA:51,0
DA:53,0
DA:54,0
DA:56,0
DA:57,0
DA:59,0
DA:60,0
DA:62,0
DA:63,0
DA:65,0
DA:67,0
DA:68,0
DA:69,0
BRDA:36,9,0,0
BRDA:36,9,1,0
BRDA:45,204,1,0
BRDA:47,64,1,0
BRDA:47,64,2,0
BRDA:47,64,3,0
BRDA:47,64,4,0
BRDA:47,64,0,0
BRDA:45,204,0,0
LF:35
LH:0
BRF:11
BRH:0
FNF:2
FNH:0
end_of_record
SF:e:\Projects\CultLib\obj\src\GameCult.Networking\Debug\netstandard2.1\MessagePack.SourceGenerator\MessagePack.SourceGenerator.MessagePackGenerator\Formatters.MessagePack.GeneratedMessagePackResolver.GameCult.PongReborn.Scripts.Networking.VerifyMessageFormatter.g.cs
FN:19,System.Void MessagePack.GeneratedMessagePackResolver/GameCult/PongReborn/Scripts/Networking/VerifyMessageFormatter::Serialize(MessagePack.MessagePackWriter&,GameCult.PongReborn.Scripts.Networking.VerifyMessage,MessagePack.MessagePackSerializerOptions)
FNDA:0,System.Void MessagePack.GeneratedMessagePackResolver/GameCult/PongReborn/Scripts/Networking/VerifyMessageFormatter::Serialize(MessagePack.MessagePackWriter&,GameCult.PongReborn.Scripts.Networking.VerifyMessage,MessagePack.MessagePackSerializerOptions)
DA:20,0
DA:21,0
DA:22,0
DA:23,0
DA:24,0
DA:27,0
DA:28,0
DA:29,0
DA:30,0
BRDA:21,7,0,0
BRDA:21,7,1,0
FN:32,GameCult.PongReborn.Scripts.Networking.VerifyMessage MessagePack.GeneratedMessagePackResolver/GameCult/PongReborn/Scripts/Networking/VerifyMessageFormatter::Deserialize(MessagePack.MessagePackReader&,MessagePack.MessagePackSerializerOptions)
FNDA:0,GameCult.PongReborn.Scripts.Networking.VerifyMessage MessagePack.GeneratedMessagePackResolver/GameCult/PongReborn/Scripts/Networking/VerifyMessageFormatter::Deserialize(MessagePack.MessagePackReader&,MessagePack.MessagePackSerializerOptions)
DA:33,0
DA:34,0
DA:35,0
DA:36,0
DA:39,0
DA:40,0
DA:41,0
DA:43,0
DA:44,0
DA:45,0
DA:48,0
DA:49,0
DA:51,0
DA:52,0
DA:54,0
DA:55,0
DA:57,0
DA:59,0
DA:60,0
DA:61,0
BRDA:34,9,0,0
BRDA:34,9,1,0
BRDA:43,143,1,0
BRDA:45,61,0,0
BRDA:45,61,1,0
BRDA:45,68,1,0
BRDA:45,68,0,0
BRDA:43,143,0,0
LF:29
LH:0
BRF:10
BRH:0
FNF:2
FNH:0
end_of_record
SF:e:\Projects\CultLib\obj\src\GameCult.Networking\Debug\netstandard2.1\MessagePack.SourceGenerator\MessagePack.SourceGenerator.MessagePackGenerator\Formatters.MessagePack.GeneratedMessagePackResolver.GameCult.PongReborn.Scripts.Networking.MessageFormatter.g.cs
FN:40,System.Void MessagePack.GeneratedMessagePackResolver/GameCult/PongReborn/Scripts/Networking/MessageFormatter::Serialize(MessagePack.MessagePackWriter&,GameCult.PongReborn.Scripts.Networking.Message,MessagePack.MessagePackSerializerOptions)
FNDA:0,System.Void MessagePack.GeneratedMessagePackResolver/GameCult/PongReborn/Scripts/Networking/MessageFormatter::Serialize(MessagePack.MessagePackWriter&,GameCult.PongReborn.Scripts.Networking.Message,MessagePack.MessagePackSerializerOptions)
DA:41,0
DA:43,0
DA:44,0
DA:45,0
DA:46,0
DA:47,0
DA:50,0
DA:51,0
DA:53,0
DA:54,0
DA:56,0
DA:57,0
DA:59,0
DA:60,0
DA:62,0
DA:63,0
DA:65,0
DA:66,0
DA:68,0
DA:71,0
DA:74,0
DA:75,0
BRDA:43,2,0,0
BRDA:43,2,1,0
BRDA:43,33,0,0
BRDA:47,72,1,0
BRDA:47,72,2,0
BRDA:47,72,3,0
BRDA:47,72,4,0
BRDA:47,72,5,0
BRDA:47,72,6,0
BRDA:43,33,1,0
BRDA:47,72,0,0
FN:77,GameCult.PongReborn.Scripts.Networking.Message MessagePack.GeneratedMessagePackResolver/GameCult/PongReborn/Scripts/Networking/MessageFormatter::Deserialize(MessagePack.MessagePackReader&,MessagePack.MessagePackSerializerOptions)
FNDA:0,GameCult.PongReborn.Scripts.Networking.Message MessagePack.GeneratedMessagePackResolver/GameCult/PongReborn/Scripts/Networking/MessageFormatter::Deserialize(MessagePack.MessagePackReader&,MessagePack.MessagePackSerializerOptions)
DA:78,0
DA:79,0
DA:80,0
DA:81,0
DA:84,0
DA:85,0
DA:86,0
DA:89,0
DA:90,0
DA:92,0
DA:93,0
DA:94,0
DA:95,0
DA:97,0
DA:98,0
DA:101,0
DA:102,0
DA:104,0
DA:105,0
DA:107,0
DA:108,0
DA:110,0
DA:111,0
DA:113,0
DA:114,0
DA:116,0
DA:117,0
DA:119,0
DA:120,0
DA:123,0
DA:124,0
DA:125,0
BRDA:79,9,0,0
BRDA:79,9,1,0
BRDA:84,35,0,0
BRDA:84,35,1,0
BRDA:92,90,0,0
BRDA:92,90,1,0
BRDA:98,107,1,0
BRDA:98,107,2,0
BRDA:98,107,3,0
BRDA:98,107,4,0
BRDA:98,107,5,0
BRDA:98,107,6,0
BRDA:98,107,0,0
FN:17,System.Void MessagePack.GeneratedMessagePackResolver/GameCult/PongReborn/Scripts/Networking/MessageFormatter::.ctor()
FNDA:0,System.Void MessagePack.GeneratedMessagePackResolver/GameCult/PongReborn/Scripts/Networking/MessageFormatter::.ctor()
DA:18,0
DA:19,0
DA:20,0
DA:21,0
DA:22,0
DA:23,0
DA:24,0
DA:25,0
DA:26,0
DA:27,0
DA:28,0
DA:29,0
DA:30,0
DA:31,0
DA:32,0
DA:33,0
DA:34,0
DA:35,0
DA:36,0
DA:37,0
DA:38,0
LF:75
LH:0
BRF:24
BRH:0
FNF:3
FNH:0
end_of_record
SF:e:\Projects\CultLib\src\GameCult.Networking\Client.cs
FN:29,GameCult.Logging.ILogger GameCult.PongReborn.Scripts.Networking.Client::get_Logger()
FNDA:0,GameCult.Logging.ILogger GameCult.PongReborn.Scripts.Networking.Client::get_Logger()
DA:30,0
FN:30,System.Void GameCult.PongReborn.Scripts.Networking.Client::set_Logger(GameCult.Logging.ILogger)
FNDA:0,System.Void GameCult.PongReborn.Scripts.Networking.Client::set_Logger(GameCult.Logging.ILogger)
DA:31,0
BRDA:31,3,0,0
BRDA:31,3,1,0
FN:33,System.Int32 GameCult.PongReborn.Scripts.Networking.Client::get_Ping()
FNDA:0,System.Int32 GameCult.PongReborn.Scripts.Networking.Client::get_Ping()
DA:34,0
FN:34,System.Boolean GameCult.PongReborn.Scripts.Networking.Client::get_Verified()
FNDA:0,System.Boolean GameCult.PongReborn.Scripts.Networking.Client::get_Verified()
DA:35,0
FN:35,System.Boolean GameCult.PongReborn.Scripts.Networking.Client::get_Connected()
FNDA:0,System.Boolean GameCult.PongReborn.Scripts.Networking.Client::get_Connected()
DA:36,0
FN:43,System.Void GameCult.PongReborn.Scripts.Networking.Client::Send(T)
FNDA:0,System.Void GameCult.PongReborn.Scripts.Networking.Client::Send(T)
DA:44,0
DA:45,0
DA:46,0
DA:47,0
DA:48,0
DA:49,0
DA:50,0
DA:51,0
DA:52,0
DA:53,0
DA:54,0
DA:55,0
BRDA:45,9,0,0
BRDA:47,21,0,0
BRDA:47,34,0,0
BRDA:47,47,0,0
BRDA:47,21,1,0
BRDA:47,34,1,0
BRDA:47,47,1,0
BRDA:47,68,0,0
BRDA:47,68,1,0
BRDA:45,9,1,0
FN:57,System.Void GameCult.PongReborn.Scripts.Networking.Client::ClearMessageListeners()
FNDA:0,System.Void GameCult.PongReborn.Scripts.Networking.Client::ClearMessageListeners()
DA:58,0
DA:59,0
DA:60,0
FN:62,System.Void GameCult.PongReborn.Scripts.Networking.Client::AddMessageListener(System.Action`1<T>)
FNDA:0,System.Void GameCult.PongReborn.Scripts.Networking.Client::AddMessageListener(System.Action`1<T>)
DA:63,0
DA:64,0
DA:66,0
DA:67,0
DA:68,0
DA:69,0
DA:70,0
DA:71,0
DA:72,0
DA:73,0
DA:74,0
BRDA:72,21,0,0
BRDA:72,21,1,0
FN:76,System.Void GameCult.PongReborn.Scripts.Networking.Client::RemoveMessageListener(System.Action`1<T>)
FNDA:0,System.Void GameCult.PongReborn.Scripts.Networking.Client::RemoveMessageListener(System.Action`1<T>)
DA:77,0
DA:78,0
DA:79,0
DA:80,0
DA:81,0
DA:82,0
DA:83,0
BRDA:78,26,0,0
BRDA:78,26,1,0
FN:85,System.Void GameCult.PongReborn.Scripts.Networking.Client::Login(System.String,System.String)
FNDA:0,System.Void GameCult.PongReborn.Scripts.Networking.Client::Login(System.String,System.String)
DA:86,0
DA:87,0
DA:88,0
DA:89,0
DA:90,0
DA:91,0
DA:92,0
DA:93,0
DA:94,0
DA:95,0
DA:96,0
DA:97,0
DA:98,0
DA:99,0
DA:100,0
DA:101,0
DA:102,0
BRDA:87,12,0,0
BRDA:89,24,0,0
BRDA:89,24,1,0
BRDA:89,36,0,0
BRDA:89,36,1,0
BRDA:99,100,0,0
BRDA:99,100,1,0
BRDA:87,12,1,0
BRDA:101,126,0,0
BRDA:101,126,1,0
FN:104,System.Void GameCult.PongReborn.Scripts.Networking.Client::Register(System.String,System.String,System.String)
FNDA:0,System.Void GameCult.PongReborn.Scripts.Networking.Client::Register(System.String,System.String,System.String)
DA:105,0
DA:106,0
DA:107,0
DA:108,0
DA:109,0
DA:110,0
DA:111,0
DA:112,0
DA:113,0
DA:114,0
DA:115,0
DA:116,0
DA:117,0
DA:118,0
DA:119,0
DA:120,0
DA:121,0
DA:122,0
DA:123,0
DA:124,0
DA:125,0
DA:126,0
BRDA:106,12,0,0
BRDA:108,29,0,0
BRDA:110,41,0,0
BRDA:110,41,1,0
BRDA:110,53,0,0
BRDA:110,53,1,0
BRDA:121,135,0,0
BRDA:121,135,1,0
BRDA:108,29,1,0
BRDA:123,161,0,0
BRDA:123,161,1,0
BRDA:106,12,1,0
BRDA:125,187,0,0
BRDA:125,187,1,0
FN:128,System.Void GameCult.PongReborn.Scripts.Networking.Client::Connect(System.String,System.Int32)
FNDA:0,System.Void GameCult.PongReborn.Scripts.Networking.Client::Connect(System.String,System.Int32)
DA:129,0
DA:130,0
DA:131,0
DA:133,0
DA:134,0
DA:135,0
DA:136,0
DA:137,0
DA:138,0
DA:139,0
DA:140,0
DA:141,0
DA:142,0
DA:143,0
DA:144,0
DA:145,0
DA:146,0
DA:147,0
DA:148,0
DA:149,0
DA:150,0
DA:151,0
DA:152,0
DA:153,0
DA:154,0
DA:155,0
DA:156,0
DA:157,0
DA:158,0
DA:159,0
DA:160,0
DA:161,0
DA:162,0
DA:163,0
DA:164,0
DA:165,0
DA:166,0
DA:167,0
DA:168,0
DA:169,0
DA:170,0
DA:171,0
DA:172,0
DA:173,0
DA:174,0
DA:175,0
DA:176,0
DA:178,0
DA:179,0
DA:180,0
DA:181,0
DA:182,0
DA:183,0
DA:184,0
DA:185,0
DA:186,0
DA:187,0
DA:189,0
DA:190,0
DA:191,0
DA:192,0
DA:193,0
DA:194,0
DA:196,0
DA:197,0
DA:198,0
FN:39,System.Void GameCult.PongReborn.Scripts.Networking.Client::<.ctor>b__21_0(System.String)
FNDA:0,System.Void GameCult.PongReborn.Scripts.Networking.Client::<.ctor>b__21_0(System.String)
DA:40,0
FN:19,System.Void GameCult.PongReborn.Scripts.Networking.Client::.ctor()
FNDA:0,System.Void GameCult.PongReborn.Scripts.Networking.Client::.ctor()
DA:20,0
DA:26,0
DA:38,0
DA:39,0
DA:41,0
LF:149
LH:0
BRF:54
BRH:0
FNF:14
FNH:0
end_of_record
SF:e:\Projects\CultLib\src\GameCult.Networking\Messages.cs
FN:16,LiteNetLib.NetPeer GameCult.PongReborn.Scripts.Networking.Message::get_Peer()
FNDA:0,LiteNetLib.NetPeer GameCult.PongReborn.Scripts.Networking.Message::get_Peer()
DA:17,0
LF:1
LH:0
BRF:0
BRH:0
FNF:1
FNH:0
end_of_record
SF:e:\Projects\CultLib\src\GameCult.Networking\NetPeerExtensions.cs
FN:8,System.Void GameCult.PongReborn.Scripts.Networking.NetPeerExtensions::Send(LiteNetLib.NetPeer,T)
FNDA:0,System.Void GameCult.PongReborn.Scripts.Networking.NetPeerExtensions::Send(LiteNetLib.NetPeer,T)
DA:9,0
DA:10,0
DA:11,0
LF:3
LH:0
BRF:0
BRH:0
FNF:1
FNH:0
end_of_record
SF:e:\Projects\CultLib\src\GameCult.Networking\Secret.cs
FN:15,System.Byte[] GameCult.PongReborn.Scripts.Networking.Secret::get_NewNonce()
FNDA:0,System.Byte[] GameCult.PongReborn.Scripts.Networking.Secret::get_NewNonce()
DA:16,0
DA:17,0
DA:18,0
DA:19,0
DA:20,0
FN:23,System.Byte[] GameCult.PongReborn.Scripts.Networking.Secret::EncryptString(System.String,System.Byte[])
FNDA:0,System.Byte[] GameCult.PongReborn.Scripts.Networking.Secret::EncryptString(System.String,System.Byte[])
DA:24,0
DA:25,0
DA:26,0
DA:27,0
BRDA:25,9,0,0
BRDA:25,9,1,0
FN:29,System.Byte[] GameCult.PongReborn.Scripts.Networking.Secret::EncryptBytes(System.Byte[],System.Byte[])
FNDA:0,System.Byte[] GameCult.PongReborn.Scripts.Networking.Secret::EncryptBytes(System.Byte[],System.Byte[])
DA:30,0
DA:31,0
DA:32,0
DA:34,0
DA:35,0
DA:36,0
DA:37,0
DA:38,0
DA:39,0
DA:40,0
DA:41,0
DA:42,0
BRDA:31,2,0,0
BRDA:31,5,0,0
BRDA:31,2,1,0
BRDA:31,5,1,0
BRDA:31,32,0,0
BRDA:31,32,1,0
FN:44,System.String GameCult.PongReborn.Scripts.Networking.Secret::DecryptString(System.Byte[],System.Byte[])
FNDA:0,System.String GameCult.PongReborn.Scripts.Networking.Secret::DecryptString(System.Byte[],System.Byte[])
DA:45,0
DA:46,0
DA:47,0
DA:48,0
DA:49,0
BRDA:46,2,0,0
BRDA:46,5,0,0
BRDA:46,2,1,0
BRDA:46,5,1,0
BRDA:46,30,0,0
BRDA:46,30,1,0
FN:51,System.Byte[] GameCult.PongReborn.Scripts.Networking.Secret::DecryptBytes(System.Byte[],System.Byte[])
FNDA:0,System.Byte[] GameCult.PongReborn.Scripts.Networking.Secret::DecryptBytes(System.Byte[],System.Byte[])
DA:52,0
DA:53,0
DA:54,0
DA:56,0
DA:57,0
DA:58,0
DA:59,0
DA:60,0
DA:61,0
DA:62,0
BRDA:53,2,0,0
BRDA:53,17,0,0
BRDA:53,20,0,0
BRDA:53,2,1,0
BRDA:53,17,1,0
BRDA:53,20,1,0
BRDA:53,47,0,0
BRDA:53,47,1,0
FN:9,System.Void GameCult.PongReborn.Scripts.Networking.Secret::.cctor()
FNDA:0,System.Void GameCult.PongReborn.Scripts.Networking.Secret::.cctor()
DA:10,0
DA:11,0
LF:38
LH:0
BRF:22
BRH:0
FNF:6
FNH:0
end_of_record
SF:e:\Projects\CultLib\src\GameCult.Networking\Server.cs
FN:39,GameCult.Logging.ILogger GameCult.PongReborn.Scripts.Networking.Server::get_Logger()
FNDA:0,GameCult.Logging.ILogger GameCult.PongReborn.Scripts.Networking.Server::get_Logger()
DA:40,0
FN:40,System.Void GameCult.PongReborn.Scripts.Networking.Server::set_Logger(GameCult.Logging.ILogger)
FNDA:0,System.Void GameCult.PongReborn.Scripts.Networking.Server::set_Logger(GameCult.Logging.ILogger)
DA:41,0
BRDA:41,3,0,0
BRDA:41,3,1,0
FN:43,System.Single GameCult.PongReborn.Scripts.Networking.Server::get_Time()
FNDA:0,System.Single GameCult.PongReborn.Scripts.Networking.Server::get_Time()
DA:44,0
FN:53,System.Boolean GameCult.PongReborn.Scripts.Networking.Server::IsValidEmail(System.String)
FNDA:0,System.Boolean GameCult.PongReborn.Scripts.Networking.Server::IsValidEmail(System.String)
DA:54,0
FN:54,System.Boolean GameCult.PongReborn.Scripts.Networking.Server::IsValidUsername(System.String)
FNDA:0,System.Boolean GameCult.PongReborn.Scripts.Networking.Server::IsValidUsername(System.String)
DA:55,0
FN:57,System.Void GameCult.PongReborn.Scripts.Networking.Server::ClearMessageListeners()
FNDA:0,System.Void GameCult.PongReborn.Scripts.Networking.Server::ClearMessageListeners()
DA:58,0
DA:59,0
DA:60,0
FN:62,System.Void GameCult.PongReborn.Scripts.Networking.Server::AddMessageListener(System.Action`1<T>)
FNDA:0,System.Void GameCult.PongReborn.Scripts.Networking.Server::AddMessageListener(System.Action`1<T>)
DA:63,0
DA:64,0
DA:66,0
DA:67,0
DA:68,0
DA:69,0
DA:70,0
DA:71,0
DA:72,0
DA:73,0
DA:74,0
BRDA:72,21,0,0
BRDA:72,21,1,0
FN:76,System.Void GameCult.PongReborn.Scripts.Networking.Server::RemoveMessageListener(System.Action`1<T>)
FNDA:0,System.Void GameCult.PongReborn.Scripts.Networking.Server::RemoveMessageListener(System.Action`1<T>)
DA:77,0
DA:78,0
DA:79,0
DA:80,0
DA:81,0
DA:82,0
DA:83,0
BRDA:78,26,0,0
BRDA:78,26,1,0
FN:85,System.Void GameCult.PongReborn.Scripts.Networking.Server::Stop()
FNDA:0,System.Void GameCult.PongReborn.Scripts.Networking.Server::Stop()
DA:86,0
DA:87,0
DA:88,0
FN:90,System.Void GameCult.PongReborn.Scripts.Networking.Server::Start()
FNDA:0,System.Void GameCult.PongReborn.Scripts.Networking.Server::Start()
DA:91,0
DA:92,0
DA:94,0
DA:95,0
DA:96,0
DA:97,0
DA:98,0
DA:99,0
DA:100,0
DA:102,0
DA:104,0
DA:105,0
DA:106,0
DA:107,0
DA:108,0
DA:109,0
DA:110,0
DA:112,0
DA:113,0
DA:114,0
DA:115,0
DA:116,0
DA:118,0
DA:119,0
DA:120,0
DA:121,0
DA:122,0
DA:123,0
DA:124,0
DA:125,0
DA:126,0
DA:128,0
DA:129,0
DA:130,0
DA:131,0
DA:132,0
DA:134,0
DA:135,0
DA:136,0
DA:137,0
DA:138,0
DA:139,0
DA:140,0
DA:141,0
DA:142,0
DA:143,0
DA:144,0
DA:145,0
DA:146,0
DA:147,0
DA:148,0
DA:149,0
DA:150,0
DA:151,0
DA:152,0
DA:153,0
DA:154,0
DA:155,0
DA:156,0
DA:157,0
DA:158,0
DA:159,0
DA:160,0
DA:161,0
DA:162,0
DA:163,0
DA:164,0
DA:165,0
DA:166,0
DA:167,0
DA:168,0
DA:169,0
DA:170,0
DA:171,0
DA:172,0
DA:173,0
DA:174,0
DA:175,0
DA:176,0
DA:177,0
DA:178,0
DA:179,0
DA:180,0
DA:181,0
DA:182,0
DA:183,0
DA:184,0
DA:185,0
DA:186,0
DA:187,0
DA:188,0
DA:189,0
DA:190,0
DA:191,0
DA:192,0
DA:193,0
DA:194,0
DA:195,0
DA:196,0
DA:197,0
DA:198,0
DA:199,0
DA:200,0
DA:201,0
DA:202,0
DA:203,0
DA:204,0
DA:205,0
DA:206,0
DA:207,0
DA:208,0
DA:209,0
DA:210,0
DA:211,0
DA:212,0
DA:213,0
DA:214,0
DA:215,0
DA:216,0
DA:217,0
DA:218,0
DA:219,0
DA:220,0
DA:221,0
DA:222,0
DA:223,0
DA:224,0
DA:225,0
DA:226,0
DA:227,0
DA:228,0
DA:229,0
DA:230,0
DA:231,0
DA:232,0
DA:233,0
DA:234,0
DA:235,0
DA:236,0
DA:237,0
DA:238,0
DA:239,0
DA:240,0
DA:241,0
DA:242,0
DA:243,0
DA:244,0
DA:245,0
DA:246,0
DA:247,0
DA:248,0
DA:249,0
DA:250,0
DA:251,0
DA:252,0
DA:253,0
DA:254,0
DA:255,0
DA:256,0
DA:257,0
DA:258,0
DA:259,0
DA:260,0
DA:261,0
DA:262,0
DA:263,0
DA:264,0
DA:265,0
DA:266,0
DA:267,0
DA:268,0
DA:269,0
DA:270,0
DA:271,0
DA:272,0
DA:273,0
DA:274,0
DA:275,0
DA:277,0
DA:278,0
DA:279,0
DA:280,0
DA:281,0
DA:282,0
DA:283,0
DA:284,0
DA:285,0
DA:286,0
DA:287,0
DA:288,0
DA:289,0
DA:290,0
DA:291,0
DA:292,0
DA:293,0
DA:294,0
DA:295,0
DA:297,0
DA:298,0
FN:299,System.Boolean GameCult.PongReborn.Scripts.Networking.Server::IsVerified(GameCult.PongReborn.Scripts.Networking.User)
FNDA:0,System.Boolean GameCult.PongReborn.Scripts.Networking.Server::IsVerified(GameCult.PongReborn.Scripts.Networking.User)
DA:300,0
BRDA:300,1,0,0
BRDA:300,1,1,0
FN:302,GameCult.Caching.PlayerData GameCult.PongReborn.Scripts.Networking.Server::SessionData(GameCult.PongReborn.Scripts.Networking.User)
FNDA:0,GameCult.Caching.PlayerData GameCult.PongReborn.Scripts.Networking.Server::SessionData(GameCult.PongReborn.Scripts.Networking.User)
DA:303,0
BRDA:303,7,0,0
BRDA:303,7,1,0
FN:305,System.Boolean GameCult.PongReborn.Scripts.Networking.Server::CheckRateLimit(System.String)
FNDA:0,System.Boolean GameCult.PongReborn.Scripts.Networking.Server::CheckRateLimit(System.String)
DA:306,0
DA:307,0
DA:308,0
DA:309,0
DA:310,0
DA:311,0
DA:312,0
DA:313,0
DA:314,0
DA:315,0
DA:316,0
DA:317,0
DA:318,0
DA:319,0
DA:321,0
DA:322,0
BRDA:315,41,1,0
BRDA:315,17,0,0
BRDA:315,17,1,0
BRDA:315,41,0,0
FN:324,System.Guid GameCult.PongReborn.Scripts.Networking.Server::GenerateSessionGuid()
FNDA:0,System.Guid GameCult.PongReborn.Scripts.Networking.Server::GenerateSessionGuid()
DA:325,0
DA:326,0
DA:328,0
DA:329,0
FN:331,System.Void GameCult.PongReborn.Scripts.Networking.Server::CleanupExpiredSessions()
FNDA:0,System.Void GameCult.PongReborn.Scripts.Networking.Server::CleanupExpiredSessions()
DA:332,0
DA:333,0
DA:334,0
DA:335,0
DA:336,0
DA:337,0
DA:338,0
DA:339,0
DA:340,0
DA:341,0
DA:342,0
DA:343,0
DA:344,0
DA:345,0
BRDA:333,185,1,0
BRDA:335,74,0,0
BRDA:338,118,0,0
BRDA:338,118,1,0
BRDA:338,142,0,0
BRDA:338,142,1,0
BRDA:335,74,1,0
BRDA:333,185,0,0
FN:50,System.Void GameCult.PongReborn.Scripts.Networking.Server::<.ctor>b__19_0(R3.Unit)
FNDA:0,System.Void GameCult.PongReborn.Scripts.Networking.Server::<.ctor>b__19_0(R3.Unit)
DA:51,0
FN:27,System.Void GameCult.PongReborn.Scripts.Networking.Server::.ctor(GameCult.Caching.CultCache)
FNDA:0,System.Void GameCult.PongReborn.Scripts.Networking.Server::.ctor(GameCult.Caching.CultCache)
DA:28,0
DA:29,0
DA:30,0
DA:31,0
DA:32,0
DA:36,0
DA:46,0
DA:47,0
DA:48,0
DA:49,0
DA:50,0
DA:52,0
LF:277
LH:0
BRF:94
BRH:0
FNF:17
FNH:0
end_of_record